mode: set
github.com/whg517/ovpn-sa-export/cmd/ovpn-sa-export/main.go:20.13,25.18 4 0
github.com/whg517/ovpn-sa-export/cmd/ovpn-sa-export/main.go:25.18,28.3 2 0
github.com/whg517/ovpn-sa-export/cmd/ovpn-sa-export/main.go:30.2,30.41 1 0
github.com/whg517/ovpn-sa-export/cmd/ovpn-sa-export/main.go:30.41,33.3 2 0
github.com/whg517/ovpn-sa-export/cmd/ovpn-sa-export/main.go:36.35,39.16 2 0
github.com/whg517/ovpn-sa-export/cmd/ovpn-sa-export/main.go:39.16,41.3 1 0
github.com/whg517/ovpn-sa-export/cmd/ovpn-sa-export/main.go:42.2,52.16 6 0
github.com/whg517/ovpn-sa-export/cmd/ovpn-sa-export/main.go:52.16,54.3 1 0
github.com/whg517/ovpn-sa-export/cmd/ovpn-sa-export/main.go:55.2,55.37 1 0
github.com/whg517/ovpn-sa-export/cmd/ovpn-sa-export/main.go:55.37,57.3 1 0
github.com/whg517/ovpn-sa-export/cmd/ovpn-sa-export/main.go:58.2,62.12 3 0
github.com/whg517/ovpn-sa-export/cmd/ovpn-sa-export/main.go:62.12,65.3 2 0
github.com/whg517/ovpn-sa-export/cmd/ovpn-sa-export/main.go:67.2,72.29 5 0
github.com/whg517/ovpn-sa-export/internal/backend/sacli/sacli.go:31.31,33.2 1 1
github.com/whg517/ovpn-sa-export/internal/backend/sacli/sacli.go:36.56,38.16 2 1
github.com/whg517/ovpn-sa-export/internal/backend/sacli/sacli.go:38.16,40.3 1 1
github.com/whg517/ovpn-sa-export/internal/backend/sacli/sacli.go:41.2,42.18 2 1
github.com/whg517/ovpn-sa-export/internal/backend/sacli/sacli.go:42.18,44.3 1 1
github.com/whg517/ovpn-sa-export/internal/backend/sacli/sacli.go:45.2,45.18 1 1
github.com/whg517/ovpn-sa-export/internal/backend/sacli/sacli.go:45.18,47.3 1 1
github.com/whg517/ovpn-sa-export/internal/backend/sacli/sacli.go:48.2,48.61 1 1
github.com/whg517/ovpn-sa-export/internal/backend/sacli/sacli.go:51.83,56.16 5 0
github.com/whg517/ovpn-sa-export/internal/backend/sacli/sacli.go:56.16,58.3 1 0
github.com/whg517/ovpn-sa-export/internal/backend/sacli/sacli.go:59.2,59.25 1 0
github.com/whg517/ovpn-sa-export/internal/backend/sacli/sacli.go:63.33,63.51 1 1
github.com/whg517/ovpn-sa-export/internal/backend/sacli/sacli.go:66.90,68.16 2 1
github.com/whg517/ovpn-sa-export/internal/backend/sacli/sacli.go:68.16,70.3 1 1
github.com/whg517/ovpn-sa-export/internal/backend/sacli/sacli.go:71.2,71.31 1 1
github.com/whg517/ovpn-sa-export/internal/backend/sacli/sacli.go:75.85,77.16 2 1
github.com/whg517/ovpn-sa-export/internal/backend/sacli/sacli.go:77.16,79.3 1 1
github.com/whg517/ovpn-sa-export/internal/backend/sacli/sacli.go:80.2,80.32 1 1
github.com/whg517/ovpn-sa-export/internal/backend/sacli/sacli.go:84.101,86.16 2 1
github.com/whg517/ovpn-sa-export/internal/backend/sacli/sacli.go:86.16,88.3 1 1
github.com/whg517/ovpn-sa-export/internal/backend/sacli/sacli.go:89.2,89.40 1 1
github.com/whg517/ovpn-sa-export/internal/backend/sacli/sacli.go:93.91,95.16 2 1
github.com/whg517/ovpn-sa-export/internal/backend/sacli/sacli.go:95.16,97.3 1 1
github.com/whg517/ovpn-sa-export/internal/backend/sacli/sacli.go:98.2,98.35 1 1
github.com/whg517/ovpn-sa-export/internal/backend/sacli/sacli.go:101.76,103.2 1 1
github.com/whg517/ovpn-sa-export/internal/backend/sacli/sacli.go:109.69,120.29 5 1
github.com/whg517/ovpn-sa-export/internal/backend/sacli/sacli.go:120.29,122.17 2 1
github.com/whg517/ovpn-sa-export/internal/backend/sacli/sacli.go:122.17,123.12 1 1
github.com/whg517/ovpn-sa-export/internal/backend/sacli/sacli.go:126.3,126.45 1 1
github.com/whg517/ovpn-sa-export/internal/backend/sacli/sacli.go:126.45,128.24 2 1
github.com/whg517/ovpn-sa-export/internal/backend/sacli/sacli.go:128.24,129.13 1 1
github.com/whg517/ovpn-sa-export/internal/backend/sacli/sacli.go:132.4,132.21 1 1
github.com/whg517/ovpn-sa-export/internal/backend/sacli/sacli.go:132.21,136.13 3 1
github.com/whg517/ovpn-sa-export/internal/backend/sacli/sacli.go:140.4,141.30 2 1
github.com/whg517/ovpn-sa-export/internal/backend/sacli/sacli.go:141.30,143.5 1 1
github.com/whg517/ovpn-sa-export/internal/backend/sacli/sacli.go:145.4,157.103 2 1
github.com/whg517/ovpn-sa-export/internal/backend/sacli/sacli.go:157.103,158.61 1 1
github.com/whg517/ovpn-sa-export/internal/backend/sacli/sacli.go:158.61,160.6 1 1
github.com/whg517/ovpn-sa-export/internal/backend/sacli/sacli.go:163.4,163.37 1 1
github.com/whg517/ovpn-sa-export/internal/backend/sacli/sacli.go:167.2,167.21 1 1
github.com/whg517/ovpn-sa-export/internal/backend/sacli/sacli.go:170.86,171.27 1 1
github.com/whg517/ovpn-sa-export/internal/backend/sacli/sacli.go:171.27,172.57 1 1
github.com/whg517/ovpn-sa-export/internal/backend/sacli/sacli.go:172.57,174.4 1 1
github.com/whg517/ovpn-sa-export/internal/backend/sacli/sacli.go:176.2,176.11 1 1
github.com/whg517/ovpn-sa-export/internal/backend/sacli/sacli.go:179.29,182.2 2 1
github.com/whg517/ovpn-sa-export/internal/backend/sacli/sacli.go:184.33,186.2 1 1
github.com/whg517/ovpn-sa-export/internal/backend/sacli/sacli.go:188.64,190.51 2 1
github.com/whg517/ovpn-sa-export/internal/backend/sacli/sacli.go:190.51,192.43 2 1
github.com/whg517/ovpn-sa-export/internal/backend/sacli/sacli.go:192.43,194.23 2 1
github.com/whg517/ovpn-sa-export/internal/backend/sacli/sacli.go:194.23,196.5 1 1
github.com/whg517/ovpn-sa-export/internal/backend/sacli/sacli.go:198.3,198.52 1 1
github.com/whg517/ovpn-sa-export/internal/backend/sacli/sacli.go:198.52,200.23 2 1
github.com/whg517/ovpn-sa-export/internal/backend/sacli/sacli.go:200.23,202.5 1 1
github.com/whg517/ovpn-sa-export/internal/backend/sacli/sacli.go:204.3,204.46 1 1
github.com/whg517/ovpn-sa-export/internal/backend/sacli/sacli.go:204.46,206.23 2 1
github.com/whg517/ovpn-sa-export/internal/backend/sacli/sacli.go:206.23,208.5 1 1
github.com/whg517/ovpn-sa-export/internal/backend/sacli/sacli.go:211.2,211.21 1 1
github.com/whg517/ovpn-sa-export/internal/backend/sacli/sacli.go:214.80,216.51 2 1
github.com/whg517/ovpn-sa-export/internal/backend/sacli/sacli.go:216.51,218.35 2 1
github.com/whg517/ovpn-sa-export/internal/backend/sacli/sacli.go:218.35,219.12 1 1
github.com/whg517/ovpn-sa-export/internal/backend/sacli/sacli.go:221.3,222.22 2 1
github.com/whg517/ovpn-sa-export/internal/backend/sacli/sacli.go:222.22,223.12 1 0
github.com/whg517/ovpn-sa-export/internal/backend/sacli/sacli.go:225.3,225.19 1 1
github.com/whg517/ovpn-sa-export/internal/backend/sacli/sacli.go:226.34,227.50 1 1
github.com/whg517/ovpn-sa-export/internal/backend/sacli/sacli.go:228.26,229.46 1 1
github.com/whg517/ovpn-sa-export/internal/backend/sacli/sacli.go:230.36,231.51 1 1
github.com/whg517/ovpn-sa-export/internal/backend/sacli/sacli.go:232.57,233.66 1 1
github.com/whg517/ovpn-sa-export/internal/backend/sacli/sacli.go:233.66,235.5 1 1
github.com/whg517/ovpn-sa-export/internal/backend/sacli/sacli.go:236.25,237.27 1 1
github.com/whg517/ovpn-sa-export/internal/backend/sacli/sacli.go:240.2,240.20 1 1
github.com/whg517/ovpn-sa-export/internal/backend/sacli/sacli.go:243.70,245.51 2 1
github.com/whg517/ovpn-sa-export/internal/backend/sacli/sacli.go:245.51,249.22 3 1
github.com/whg517/ovpn-sa-export/internal/backend/sacli/sacli.go:249.22,253.4 3 1
github.com/whg517/ovpn-sa-export/internal/backend/sacli/sacli.go:255.2,255.54 1 1
github.com/whg517/ovpn-sa-export/internal/config/config.go:45.30,77.41 22 1
github.com/whg517/ovpn-sa-export/internal/config/config.go:77.41,78.56 1 1
github.com/whg517/ovpn-sa-export/internal/config/config.go:78.56,80.4 1 0
github.com/whg517/ovpn-sa-export/internal/config/config.go:83.2,84.42 2 1
github.com/whg517/ovpn-sa-export/internal/config/config.go:84.42,86.3 1 0
github.com/whg517/ovpn-sa-export/internal/config/config.go:88.2,88.18 1 1
github.com/whg517/ovpn-sa-export/internal/metrics/metrics.go:31.30,120.2 18 1
github.com/whg517/ovpn-sa-export/internal/metrics/metrics.go:123.56,125.2 1 0
github.com/whg517/ovpn-sa-export/internal/metrics/metrics.go:128.86,131.16 3 1
github.com/whg517/ovpn-sa-export/internal/metrics/metrics.go:131.16,133.3 1 1
github.com/whg517/ovpn-sa-export/internal/metrics/metrics.go:137.69,141.28 3 1
github.com/whg517/ovpn-sa-export/internal/metrics/metrics.go:141.28,154.3 4 1
github.com/whg517/ovpn-sa-export/internal/metrics/metrics.go:158.58,159.14 1 1
github.com/whg517/ovpn-sa-export/internal/metrics/metrics.go:159.14,161.3 1 1
github.com/whg517/ovpn-sa-export/internal/metrics/metrics.go:162.2,163.24 2 1
github.com/whg517/ovpn-sa-export/internal/metrics/metrics.go:163.24,166.3 2 1
github.com/whg517/ovpn-sa-export/internal/metrics/metrics.go:166.8,168.3 1 0
github.com/whg517/ovpn-sa-export/internal/metrics/metrics.go:172.68,173.14 1 1
github.com/whg517/ovpn-sa-export/internal/metrics/metrics.go:173.14,175.3 1 1
github.com/whg517/ovpn-sa-export/internal/metrics/metrics.go:176.2,179.61 4 1
github.com/whg517/ovpn-sa-export/internal/metrics/metrics.go:183.64,184.14 1 1
github.com/whg517/ovpn-sa-export/internal/metrics/metrics.go:184.14,186.3 1 1
github.com/whg517/ovpn-sa-export/internal/metrics/metrics.go:187.2,187.40 1 1
github.com/whg517/ovpn-sa-export/internal/metrics/metrics.go:187.40,189.14 2 1
github.com/whg517/ovpn-sa-export/internal/metrics/metrics.go:189.14,191.4 1 1
github.com/whg517/ovpn-sa-export/internal/metrics/metrics.go:192.3,192.45 1 1
github.com/whg517/ovpn-sa-export/internal/server/server.go:24.71,37.16 7 1
github.com/whg517/ovpn-sa-export/internal/server/server.go:37.16,39.3 1 1
github.com/whg517/ovpn-sa-export/internal/server/server.go:41.2,46.10 2 1
github.com/whg517/ovpn-sa-export/internal/server/server.go:50.41,53.2 2 0
github.com/whg517/ovpn-sa-export/internal/server/server.go:56.29,61.2 4 1
github.com/whg517/ovpn-sa-export/internal/server/server.go:63.71,66.2 2 1
github.com/whg517/ovpn-sa-export/internal/server/server.go:68.70,69.13 1 1
github.com/whg517/ovpn-sa-export/internal/server/server.go:69.13,72.3 2 1
github.com/whg517/ovpn-sa-export/internal/server/server.go:72.8,75.3 2 1
github.com/whg517/ovpn-sa-export/internal/collector/backend_factory.go:8.57,14.2 2 1
github.com/whg517/ovpn-sa-export/internal/collector/collector.go:34.99,38.16 2 0
github.com/whg517/ovpn-sa-export/internal/collector/collector.go:38.16,40.3 1 0
github.com/whg517/ovpn-sa-export/internal/collector/collector.go:42.2,46.8 1 0
github.com/whg517/ovpn-sa-export/internal/collector/collector.go:50.35,55.19 4 1
github.com/whg517/ovpn-sa-export/internal/collector/collector.go:55.19,57.3 1 1
github.com/whg517/ovpn-sa-export/internal/collector/collector.go:59.2,60.12 2 1
github.com/whg517/ovpn-sa-export/internal/collector/collector.go:60.12,68.7 5 1
github.com/whg517/ovpn-sa-export/internal/collector/collector.go:68.7,69.11 1 1
github.com/whg517/ovpn-sa-export/internal/collector/collector.go:70.22,71.11 1 1
github.com/whg517/ovpn-sa-export/internal/collector/collector.go:72.20,73.22 1 1
github.com/whg517/ovpn-sa-export/internal/collector/collector.go:78.2,78.12 1 1
github.com/whg517/ovpn-sa-export/internal/collector/collector.go:82.28,83.21 1 1
github.com/whg517/ovpn-sa-export/internal/collector/collector.go:83.21,85.3 1 1
github.com/whg517/ovpn-sa-export/internal/collector/collector.go:86.2,86.13 1 1
github.com/whg517/ovpn-sa-export/internal/collector/collector.go:89.53,94.2 4 1
github.com/whg517/ovpn-sa-export/internal/collector/collector.go:96.59,103.16 5 1
github.com/whg517/ovpn-sa-export/internal/collector/collector.go:103.16,106.3 2 1
github.com/whg517/ovpn-sa-export/internal/collector/collector.go:108.2,108.37 1 1
github.com/whg517/ovpn-sa-export/internal/collector/collector.go:111.60,118.16 5 1
github.com/whg517/ovpn-sa-export/internal/collector/collector.go:118.16,121.3 2 1
github.com/whg517/ovpn-sa-export/internal/collector/collector.go:123.2,123.38 1 1
github.com/whg517/ovpn-sa-export/internal/collector/collector.go:126.62,133.16 5 1
github.com/whg517/ovpn-sa-export/internal/collector/collector.go:133.16,136.3 2 1
github.com/whg517/ovpn-sa-export/internal/collector/collector.go:138.2,138.39 1 1
github.com/whg517/ovpn-sa-export/internal/collector/collector.go:141.63,148.16 5 1
github.com/whg517/ovpn-sa-export/internal/collector/collector.go:148.16,151.3 2 1
github.com/whg517/ovpn-sa-export/internal/collector/collector.go:153.2,153.40 1 1
